# JRE version: OpenJDK Runtime Environment (11.0.15) (build 11.0.15+0-b2043.56-9505619)
# Java VM: OpenJDK 64-Bit Server VM (11.0.15+0-b2043.56-9505619, mixed mode, tiered, compressed oops, g1 gc, windows-amd64)
Heap:
 garbage-first heap   total 611328K, used 272469K [0x0000000080000000, 0x0000000100000000)
  region size 1024K, 2 young (2048K), 2 survivors (2048K)
 Metaspace       used 168954K, capacity 175125K, committed 175408K, reserved 1202176K
  class space    used 20995K, capacity 23238K, committed 23320K, reserved 1048576K
GC Heap History (20 events):
Event: 2195.738 GC heap after
{Heap after GC invocations=125 (full 0):
 garbage-first heap   total 379904K, used 246223K [0x0000000080000000, 0x0000000100000000)
  region size 1024K, 1 young (1024K), 1 survivors (1024K)
 Metaspace       used 167201K, capacity 173295K, committed 173360K, reserved 1200128K
  class space    used 20829K, capacity 23035K, committed 23064K, reserved 1048576K
}
Event: 2195.777 GC heap before
{Heap before GC invocations=125 (full 0):
 garbage-first heap   total 379904K, used 253391K [0x0000000080000000, 0x0000000100000000)
  region size 1024K, 9 young (9216K), 1 survivors (1024K)
 Metaspace       used 167242K, capacity 173300K, committed 173360K, reserved 1200128K
  class space    used 20835K, capacity 23037K, committed 23064K, reserved 1048576K
}
Event: 2195.788 GC heap after
{Heap after GC invocations=126 (full 0):
 garbage-first heap   total 379904K, used 245855K [0x0000000080000000, 0x0000000100000000)
  region size 1024K, 1 young (1024K), 1 survivors (1024K)
 Metaspace       used 167242K, capacity 173300K, committed 173360K, reserved 1200128K
  class space    used 20835K, capacity 23037K, committed 23064K, reserved 1048576K
}
Event: 2196.518 GC heap before
{Heap before GC invocations=127 (full 0):
 garbage-first heap   total 379904K, used 320607K [0x0000000080000000, 0x0000000100000000)
  region size 1024K, 73 young (74752K), 1 survivors (1024K)
 Metaspace       used 167514K, capacity 173628K, committed 173872K, reserved 1200128K
  class space    used 20857K, capacity 23052K, committed 23064K, reserved 1048576K
}
Event: 2196.534 GC heap after
{Heap after GC invocations=128 (full 0):
 garbage-first heap   total 379904K, used 258972K [0x0000000080000000, 0x0000000100000000)
  region size 1024K, 10 young (10240K), 10 survivors (10240K)
 Metaspace       used 167514K, capacity 173628K, committed 173872K, reserved 1200128K
  class space    used 20857K, capacity 23052K, committed 23064K, reserved 1048576K
}
Event: 2196.553 GC heap before
{Heap before GC invocations=128 (full 0):
 garbage-first heap   total 379904K, used 266140K [0x0000000080000000, 0x0000000100000000)
  region size 1024K, 18 young (18432K), 10 survivors (10240K)
 Metaspace       used 167516K, capacity 173628K, committed 173872K, reserved 1200128K
  class space    used 20857K, capacity 23052K, committed 23064K, reserved 1048576K
}
Event: 2196.562 GC heap after
{Heap after GC invocations=129 (full 0):
 garbage-first heap   total 379904K, used 256426K [0x0000000080000000, 0x0000000100000000)
  region size 1024K, 3 young (3072K), 3 survivors (3072K)
 Metaspace       used 167516K, capacity 173628K, committed 173872K, reserved 1200128K
  class space    used 20857K, capacity 23052K, committed 23064K, reserved 1048576K
}
Event: 2196.775 GC heap before
{Heap before GC invocations=129 (full 0):
 garbage-first heap   total 379904K, used 317866K [0x0000000080000000, 0x0000000100000000)
  region size 1024K, 63 young (64512K), 3 survivors (3072K)
 Metaspace       used 167834K, capacity 173948K, committed 174256K, reserved 1200128K
  class space    used 20901K, capacity 23093K, committed 23192K, reserved 1048576K
}
Event: 2196.804 GC heap after
{Heap after GC invocations=130 (full 0):
 garbage-first heap   total 379904K, used 265783K [0x0000000080000000, 0x0000000100000000)
  region size 1024K, 8 young (8192K), 8 survivors (8192K)
 Metaspace       used 167834K, capacity 173948K, committed 174256K, reserved 1200128K
  class space    used 20901K, capacity 23093K, committed 23192K, reserved 1048576K
}
Event: 2197.036 GC heap before
{Heap before GC invocations=130 (full 0):
 garbage-first heap   total 379904K, used 320055K [0x0000000080000000, 0x0000000100000000)
  region size 1024K, 61 young (62464K), 8 survivors (8192K)
 Metaspace       used 167966K, capacity 174074K, committed 174256K, reserved 1200128K
  class space    used 20910K, capacity 23133K, committed 23192K, reserved 1048576K
}
Event: 2197.061 GC heap after
{Heap after GC invocations=131 (full 0):
 garbage-first heap   total 379904K, used 274129K [0x0000000080000000, 0x0000000100000000)
  region size 1024K, 8 young (8192K), 8 survivors (8192K)
 Metaspace       used 167966K, capacity 174074K, committed 174256K, reserved 1200128K
  class space    used 20910K, capacity 23133K, committed 23192K, reserved 1048576K
}
Event: 2197.422 GC heap before
{Heap before GC invocations=131 (full 0):
 garbage-first heap   total 379904K, used 322257K [0x0000000080000000, 0x0000000100000000)
  region size 1024K, 55 young (56320K), 8 survivors (8192K)
 Metaspace       used 168148K, capacity 174251K, committed 174512K, reserved 1200128K
  class space    used 20927K, capacity 23148K, committed 23192K, reserved 1048576K
}
Event: 2197.441 GC heap after
{Heap after GC invocations=132 (full 0):
 garbage-first heap   total 379904K, used 278232K [0x0000000080000000, 0x0000000100000000)
  region size 1024K, 5 young (5120K), 5 survivors (5120K)
 Metaspace       used 168148K, capacity 174251K, committed 174512K, reserved 1200128K
  class space    used 20927K, capacity 23148K, committed 23192K, reserved 1048576K
}
Event: 2197.738 GC heap before
{Heap before GC invocations=133 (full 0):
 garbage-first heap   total 379904K, used 324312K [0x0000000080000000, 0x0000000100000000)
  region size 1024K, 50 young (51200K), 5 survivors (5120K)
 Metaspace       used 168468K, capacity 174606K, committed 174768K, reserved 1202176K
  class space    used 20954K, capacity 23177K, committed 23192K, reserved 1048576K
}
Event: 2197.756 GC heap after
{Heap after GC invocations=134 (full 0):
 garbage-first heap   total 379904K, used 283017K [0x0000000080000000, 0x0000000100000000)
  region size 1024K, 5 young (5120K), 5 survivors (5120K)
 Metaspace       used 168468K, capacity 174606K, committed 174768K, reserved 1202176K
  class space    used 20954K, capacity 23177K, committed 23192K, reserved 1048576K
}
Event: 2197.838 GC heap before
{Heap before GC invocations=134 (full 0):
 garbage-first heap   total 379904K, used 296329K [0x0000000080000000, 0x0000000100000000)
  region size 1024K, 18 young (18432K), 5 survivors (5120K)
 Metaspace       used 168577K, capacity 174704K, committed 174768K, reserved 1202176K
  class space    used 20963K, capacity 23187K, committed 23192K, reserved 1048576K
}
Event: 2197.905 GC heap after
{Heap after GC invocations=135 (full 0):
 garbage-first heap   total 379904K, used 272693K [0x0000000080000000, 0x0000000100000000)
  region size 1024K, 2 young (2048K), 2 survivors (2048K)
 Metaspace       used 168577K, capacity 174704K, committed 174768K, reserved 1202176K
  class space    used 20963K, capacity 23187K, committed 23192K, reserved 1048576K
}
Event: 2198.270 GC heap before
{Heap before GC invocations=135 (full 0):
 garbage-first heap   total 379904K, used 323893K [0x0000000080000000, 0x0000000100000000)
  region size 1024K, 52 young (53248K), 2 survivors (2048K)
 Metaspace       used 168815K, capacity 174957K, committed 175152K, reserved 1202176K
  class space    used 20989K, capacity 23227K, committed 23320K, reserved 1048576K
}
Event: 2198.280 GC heap after
{Heap after GC invocations=136 (full 0):
 garbage-first heap   total 379904K, used 272148K [0x0000000080000000, 0x0000000100000000)
  region size 1024K, 1 young (1024K), 1 survivors (1024K)
 Metaspace       used 168815K, capacity 174957K, committed 175152K, reserved 1202176K
  class space    used 20989K, capacity 23227K, committed 23320K, reserved 1048576K
}
Event: 2198.615 GC heap before
{Heap before GC invocations=136 (full 0):
 garbage-first heap   total 379904K, used 326420K [0x0000000080000000, 0x0000000100000000)
  region size 1024K, 54 young (55296K), 1 survivors (1024K)
 Metaspace       used 168954K, capacity 175125K, committed 175408K, reserved 1202176K
  class space    used 20995K, capacity 23238K, committed 23320K, reserved 1048576K
}

